<?xml version="1.0" encoding="UTF-8"?>
<!-- Generated by org.testng.reporters.JUnitXMLReporter -->
<testsuite ignored="0" hostname="DESKTOP-L6LVCVJ" failures="0" tests="3" name="Default test" time="0.067" errors="0" timestamp="2021-01-29T23:25:39 PST">
  <testcase classname="com.qa.tests.TestNGTestsClass" name="div" time="0.015"/>
  <testcase classname="com.qa.tests.TestNGTestsClass" name="sub" time="0.002"/>
  <testcase classname="com.qa.tests.TestNGTestsClass" name="sum" time="0.002"/>
</testsuite> <!-- Default test -->
