<?xml version="1.0" encoding="UTF-8"?>
<testng-results ignored="0" total="3" passed="3" failed="0" skipped="0">
  <reporter-output>
  </reporter-output>
  <suite started-at="2021-01-29T23:25:39 PST" name="Default suite" finished-at="2021-01-29T23:25:39 PST" duration-ms="67">
    <groups>
    </groups>
    <test started-at="2021-01-29T23:25:39 PST" name="Default test" finished-at="2021-01-29T23:25:39 PST" duration-ms="67">
      <class name="com.qa.tests.TestNGTestsClass">
        <test-method signature="div()[pri:0, instance:com.qa.tests.TestNGTestsClass@31f9b85e]" started-at="2021-01-29T23:25:39 PST" name="div" finished-at="2021-01-29T23:25:39 PST" duration-ms="15" status="PASS">
          <reporter-output>
          </reporter-output>
        </test-method> <!-- div -->
        <test-method signature="sub()[pri:0, instance:com.qa.tests.TestNGTestsClass@31f9b85e]" started-at="2021-01-29T23:25:39 PST" name="sub" finished-at="2021-01-29T23:25:39 PST" duration-ms="2" status="PASS">
          <reporter-output>
          </reporter-output>
        </test-method> <!-- sub -->
        <test-method signature="sum()[pri:0, instance:com.qa.tests.TestNGTestsClass@31f9b85e]" started-at="2021-01-29T23:25:39 PST" name="sum" finished-at="2021-01-29T23:25:39 PST" duration-ms="2" status="PASS">
          <reporter-output>
          </reporter-output>
        </test-method> <!-- sum -->
      </class> <!-- com.qa.tests.TestNGTestsClass -->
    </test> <!-- Default test -->
  </suite> <!-- Default suite -->
</testng-results>
